<?xml version="1.0" encoding="UTF-8"?>
<testsuite xmlns:xsi="http://www.w3.org/2001/XMLSchema-instance" xsi:noNamespaceSchemaLocation="https://maven.apache.org/surefire/maven-surefire-plugin/xsd/surefire-test-report.xsd" version="3.0.2" name="com.esw.authservice.model.UserTest" time="0.036" tests="4" errors="0" skipped="0" failures="0">
  <properties>
    <property name="java.specification.version" value="21"/>
    <property name="sun.cpu.isalist" value="amd64"/>
    <property name="sun.jnu.encoding" value="Cp1252"/>
    <property name="java.class.path" value="C:\dev\micrommerce\auth-service\target\test-classes;C:\dev\micrommerce\auth-service\target\classes;C:\Users\mathe\.m2\repository\org\springframework\boot\spring-boot-starter-data-jpa\3.4.5\spring-boot-starter-data-jpa-3.4.5.jar;C:\Users\mathe\.m2\repository\org\springframework\boot\spring-boot-starter\3.4.5\spring-boot-starter-3.4.5.jar;C:\Users\mathe\.m2\repository\org\springframework\boot\spring-boot\3.4.5\spring-boot-3.4.5.jar;C:\Users\mathe\.m2\repository\org\springframework\boot\spring-boot-autoconfigure\3.4.5\spring-boot-autoconfigure-3.4.5.jar;C:\Users\mathe\.m2\repository\org\springframework\boot\spring-boot-starter-logging\3.4.5\spring-boot-starter-logging-3.4.5.jar;C:\Users\mathe\.m2\repository\org\apache\logging\log4j\log4j-to-slf4j\2.24.3\log4j-to-slf4j-2.24.3.jar;C:\Users\mathe\.m2\repository\org\apache\logging\log4j\log4j-api\2.24.3\log4j-api-2.24.3.jar;C:\Users\mathe\.m2\repository\org\slf4j\jul-to-slf4j\2.0.17\jul-to-slf4j-2.0.17.jar;C:\Users\mathe\.m2\repository\jakarta\annotation\jakarta.annotation-api\2.1.1\jakarta.annotation-api-2.1.1.jar;C:\Users\mathe\.m2\repository\org\yaml\snakeyaml\2.3\snakeyaml-2.3.jar;C:\Users\mathe\.m2\repository\org\springframework\boot\spring-boot-starter-jdbc\3.4.5\spring-boot-starter-jdbc-3.4.5.jar;C:\Users\mathe\.m2\repository\com\zaxxer\HikariCP\5.1.0\HikariCP-5.1.0.jar;C:\Users\mathe\.m2\repository\org\springframework\spring-jdbc\6.2.6\spring-jdbc-6.2.6.jar;C:\Users\mathe\.m2\repository\org\hibernate\orm\hibernate-core\6.6.13.Final\hibernate-core-6.6.13.Final.jar;C:\Users\mathe\.m2\repository\jakarta\persistence\jakarta.persistence-api\3.1.0\jakarta.persistence-api-3.1.0.jar;C:\Users\mathe\.m2\repository\jakarta\transaction\jakarta.transaction-api\2.0.1\jakarta.transaction-api-2.0.1.jar;C:\Users\mathe\.m2\repository\org\jboss\logging\jboss-logging\3.6.1.Final\jboss-logging-3.6.1.Final.jar;C:\Users\mathe\.m2\repository\org\hibernate\common\hibernate-commons-annotations\7.0.3.Final\hibernate-commons-annotations-7.0.3.Final.jar;C:\Users\mathe\.m2\repository\io\smallrye\jandex\3.2.0\jandex-3.2.0.jar;C:\Users\mathe\.m2\repository\com\fasterxml\classmate\1.7.0\classmate-1.7.0.jar;C:\Users\mathe\.m2\repository\org\glassfish\jaxb\jaxb-runtime\4.0.5\jaxb-runtime-4.0.5.jar;C:\Users\mathe\.m2\repository\org\glassfish\jaxb\jaxb-core\4.0.5\jaxb-core-4.0.5.jar;C:\Users\mathe\.m2\repository\org\eclipse\angus\angus-activation\2.0.2\angus-activation-2.0.2.jar;C:\Users\mathe\.m2\repository\org\glassfish\jaxb\txw2\4.0.5\txw2-4.0.5.jar;C:\Users\mathe\.m2\repository\com\sun\istack\istack-commons-runtime\4.1.2\istack-commons-runtime-4.1.2.jar;C:\Users\mathe\.m2\repository\jakarta\inject\jakarta.inject-api\2.0.1\jakarta.inject-api-2.0.1.jar;C:\Users\mathe\.m2\repository\org\antlr\antlr4-runtime\4.13.0\antlr4-runtime-4.13.0.jar;C:\Users\mathe\.m2\repository\org\springframework\data\spring-data-jpa\3.4.5\spring-data-jpa-3.4.5.jar;C:\Users\mathe\.m2\repository\org\springframework\data\spring-data-commons\3.4.5\spring-data-commons-3.4.5.jar;C:\Users\mathe\.m2\repository\org\springframework\spring-orm\6.2.6\spring-orm-6.2.6.jar;C:\Users\mathe\.m2\repository\org\springframework\spring-beans\6.2.6\spring-beans-6.2.6.jar;C:\Users\mathe\.m2\repository\org\slf4j\slf4j-api\2.0.17\slf4j-api-2.0.17.jar;C:\Users\mathe\.m2\repository\org\springframework\spring-aspects\6.2.6\spring-aspects-6.2.6.jar;C:\Users\mathe\.m2\repository\org\aspectj\aspectjweaver\1.9.24\aspectjweaver-1.9.24.jar;C:\Users\mathe\.m2\repository\org\springframework\boot\spring-boot-starter-web\3.4.5\spring-boot-starter-web-3.4.5.jar;C:\Users\mathe\.m2\repository\org\springframework\boot\spring-boot-starter-json\3.4.5\spring-boot-starter-json-3.4.5.jar;C:\Users\mathe\.m2\repository\com\fasterxml\jackson\core\jackson-databind\2.18.3\jackson-databind-2.18.3.jar;C:\Users\mathe\.m2\repository\com\fasterxml\jackson\datatype\jackson-datatype-jdk8\2.18.3\jackson-datatype-jdk8-2.18.3.jar;C:\Users\mathe\.m2\repository\com\fasterxml\jackson\datatype\jackson-datatype-jsr310\2.18.3\jackson-datatype-jsr310-2.18.3.jar;C:\Users\mathe\.m2\repository\com\fasterxml\jackson\module\jackson-module-parameter-names\2.18.3\jackson-module-parameter-names-2.18.3.jar;C:\Users\mathe\.m2\repository\org\springframework\boot\spring-boot-starter-tomcat\3.4.5\spring-boot-starter-tomcat-3.4.5.jar;C:\Users\mathe\.m2\repository\org\apache\tomcat\embed\tomcat-embed-core\10.1.40\tomcat-embed-core-10.1.40.jar;C:\Users\mathe\.m2\repository\org\apache\tomcat\embed\tomcat-embed-websocket\10.1.40\tomcat-embed-websocket-10.1.40.jar;C:\Users\mathe\.m2\repository\org\springframework\spring-web\6.2.6\spring-web-6.2.6.jar;C:\Users\mathe\.m2\repository\org\springframework\spring-webmvc\6.2.6\spring-webmvc-6.2.6.jar;C:\Users\mathe\.m2\repository\org\springframework\spring-expression\6.2.6\spring-expression-6.2.6.jar;C:\Users\mathe\.m2\repository\org\springframework\kafka\spring-kafka\3.3.5\spring-kafka-3.3.5.jar;C:\Users\mathe\.m2\repository\org\springframework\spring-context\6.2.6\spring-context-6.2.6.jar;C:\Users\mathe\.m2\repository\org\springframework\spring-messaging\6.2.6\spring-messaging-6.2.6.jar;C:\Users\mathe\.m2\repository\org\springframework\spring-tx\6.2.6\spring-tx-6.2.6.jar;C:\Users\mathe\.m2\repository\org\springframework\retry\spring-retry\2.0.11\spring-retry-2.0.11.jar;C:\Users\mathe\.m2\repository\org\apache\kafka\kafka-clients\3.8.1\kafka-clients-3.8.1.jar;C:\Users\mathe\.m2\repository\com\github\luben\zstd-jni\1.5.6-4\zstd-jni-1.5.6-4.jar;C:\Users\mathe\.m2\repository\org\lz4\lz4-java\1.8.0\lz4-java-1.8.0.jar;C:\Users\mathe\.m2\repository\org\xerial\snappy\snappy-java\1.1.10.5\snappy-java-1.1.10.5.jar;C:\Users\mathe\.m2\repository\io\micrometer\micrometer-observation\1.14.6\micrometer-observation-1.14.6.jar;C:\Users\mathe\.m2\repository\io\micrometer\micrometer-commons\1.14.6\micrometer-commons-1.14.6.jar;C:\Users\mathe\.m2\repository\org\postgresql\postgresql\42.7.5\postgresql-42.7.5.jar;C:\Users\mathe\.m2\repository\org\checkerframework\checker-qual\3.48.3\checker-qual-3.48.3.jar;C:\Users\mathe\.m2\repository\org\springframework\boot\spring-boot-starter-test\3.4.5\spring-boot-starter-test-3.4.5.jar;C:\Users\mathe\.m2\repository\org\springframework\boot\spring-boot-test\3.4.5\spring-boot-test-3.4.5.jar;C:\Users\mathe\.m2\repository\org\springframework\boot\spring-boot-test-autoconfigure\3.4.5\spring-boot-test-autoconfigure-3.4.5.jar;C:\Users\mathe\.m2\repository\com\jayway\jsonpath\json-path\2.9.0\json-path-2.9.0.jar;C:\Users\mathe\.m2\repository\jakarta\xml\bind\jakarta.xml.bind-api\4.0.2\jakarta.xml.bind-api-4.0.2.jar;C:\Users\mathe\.m2\repository\jakarta\activation\jakarta.activation-api\2.1.3\jakarta.activation-api-2.1.3.jar;C:\Users\mathe\.m2\repository\net\minidev\json-smart\2.5.2\json-smart-2.5.2.jar;C:\Users\mathe\.m2\repository\net\minidev\accessors-smart\2.5.2\accessors-smart-2.5.2.jar;C:\Users\mathe\.m2\repository\org\ow2\asm\asm\9.7.1\asm-9.7.1.jar;C:\Users\mathe\.m2\repository\org\assertj\assertj-core\3.26.3\assertj-core-3.26.3.jar;C:\Users\mathe\.m2\repository\org\awaitility\awaitility\4.2.2\awaitility-4.2.2.jar;C:\Users\mathe\.m2\repository\org\hamcrest\hamcrest\2.2\hamcrest-2.2.jar;C:\Users\mathe\.m2\repository\org\junit\jupiter\junit-jupiter\5.11.4\junit-jupiter-5.11.4.jar;C:\Users\mathe\.m2\repository\org\junit\jupiter\junit-jupiter-params\5.11.4\junit-jupiter-params-5.11.4.jar;C:\Users\mathe\.m2\repository\org\junit\jupiter\junit-jupiter-engine\5.11.4\junit-jupiter-engine-5.11.4.jar;C:\Users\mathe\.m2\repository\org\skyscreamer\jsonassert\1.5.3\jsonassert-1.5.3.jar;C:\Users\mathe\.m2\repository\com\vaadin\external\google\android-json\0.0.20131108.vaadin1\android-json-0.0.20131108.vaadin1.jar;C:\Users\mathe\.m2\repository\org\springframework\spring-core\6.2.6\spring-core-6.2.6.jar;C:\Users\mathe\.m2\repository\org\springframework\spring-jcl\6.2.6\spring-jcl-6.2.6.jar;C:\Users\mathe\.m2\repository\org\springframework\spring-test\6.2.6\spring-test-6.2.6.jar;C:\Users\mathe\.m2\repository\org\xmlunit\xmlunit-core\2.10.0\xmlunit-core-2.10.0.jar;C:\Users\mathe\.m2\repository\org\mockito\mockito-core\5.14.2\mockito-core-5.14.2.jar;C:\Users\mathe\.m2\repository\net\bytebuddy\byte-buddy\1.15.11\byte-buddy-1.15.11.jar;C:\Users\mathe\.m2\repository\net\bytebuddy\byte-buddy-agent\1.15.11\byte-buddy-agent-1.15.11.jar;C:\Users\mathe\.m2\repository\org\objenesis\objenesis\3.3\objenesis-3.3.jar;C:\Users\mathe\.m2\repository\org\mockito\mockito-junit-jupiter\5.14.2\mockito-junit-jupiter-5.14.2.jar;C:\Users\mathe\.m2\repository\org\junit\jupiter\junit-jupiter-api\5.11.4\junit-jupiter-api-5.11.4.jar;C:\Users\mathe\.m2\repository\org\opentest4j\opentest4j\1.3.0\opentest4j-1.3.0.jar;C:\Users\mathe\.m2\repository\org\junit\platform\junit-platform-commons\1.11.4\junit-platform-commons-1.11.4.jar;C:\Users\mathe\.m2\repository\org\apiguardian\apiguardian-api\1.1.2\apiguardian-api-1.1.2.jar;C:\Users\mathe\.m2\repository\org\springframework\kafka\spring-kafka-test\3.3.5\spring-kafka-test-3.3.5.jar;C:\Users\mathe\.m2\repository\org\apache\zookeeper\zookeeper\3.8.4\zookeeper-3.8.4.jar;C:\Users\mathe\.m2\repository\org\apache\zookeeper\zookeeper-jute\3.8.4\zookeeper-jute-3.8.4.jar;C:\Users\mathe\.m2\repository\org\apache\yetus\audience-annotations\0.12.0\audience-annotations-0.12.0.jar;C:\Users\mathe\.m2\repository\io\netty\netty-handler\4.1.119.Final\netty-handler-4.1.119.Final.jar;C:\Users\mathe\.m2\repository\io\netty\netty-common\4.1.119.Final\netty-common-4.1.119.Final.jar;C:\Users\mathe\.m2\repository\io\netty\netty-resolver\4.1.119.Final\netty-resolver-4.1.119.Final.jar;C:\Users\mathe\.m2\repository\io\netty\netty-buffer\4.1.119.Final\netty-buffer-4.1.119.Final.jar;C:\Users\mathe\.m2\repository\io\netty\netty-transport\4.1.119.Final\netty-transport-4.1.119.Final.jar;C:\Users\mathe\.m2\repository\io\netty\netty-transport-native-unix-common\4.1.119.Final\netty-transport-native-unix-common-4.1.119.Final.jar;C:\Users\mathe\.m2\repository\io\netty\netty-codec\4.1.119.Final\netty-codec-4.1.119.Final.jar;C:\Users\mathe\.m2\repository\io\netty\netty-transport-native-epoll\4.1.119.Final\netty-transport-native-epoll-4.1.119.Final.jar;C:\Users\mathe\.m2\repository\io\netty\netty-transport-classes-epoll\4.1.119.Final\netty-transport-classes-epoll-4.1.119.Final.jar;C:\Users\mathe\.m2\repository\ch\qos\logback\logback-core\1.5.18\logback-core-1.5.18.jar;C:\Users\mathe\.m2\repository\ch\qos\logback\logback-classic\1.5.18\logback-classic-1.5.18.jar;C:\Users\mathe\.m2\repository\commons-io\commons-io\2.11.0\commons-io-2.11.0.jar;C:\Users\mathe\.m2\repository\org\apache\kafka\kafka-clients\3.8.1\kafka-clients-3.8.1-test.jar;C:\Users\mathe\.m2\repository\org\apache\kafka\kafka-server\3.8.1\kafka-server-3.8.1.jar;C:\Users\mathe\.m2\repository\org\apache\kafka\kafka-group-coordinator\3.8.1\kafka-group-coordinator-3.8.1.jar;C:\Users\mathe\.m2\repository\org\apache\kafka\kafka-transaction-coordinator\3.8.1\kafka-transaction-coordinator-3.8.1.jar;C:\Users\mathe\.m2\repository\org\apache\kafka\kafka-raft\3.8.1\kafka-raft-3.8.1.jar;C:\Users\mathe\.m2\repository\com\yammer\metrics\metrics-core\2.2.0\metrics-core-2.2.0.jar;C:\Users\mathe\.m2\repository\org\apache\kafka\kafka-metadata\3.8.1\kafka-metadata-3.8.1.jar;C:\Users\mathe\.m2\repository\org\apache\kafka\kafka-server-common\3.8.1\kafka-server-common-3.8.1.jar;C:\Users\mathe\.m2\repository\net\sf\jopt-simple\jopt-simple\5.0.4\jopt-simple-5.0.4.jar;C:\Users\mathe\.m2\repository\org\pcollections\pcollections\4.0.1\pcollections-4.0.1.jar;C:\Users\mathe\.m2\repository\org\apache\kafka\kafka-server-common\3.8.1\kafka-server-common-3.8.1-test.jar;C:\Users\mathe\.m2\repository\org\apache\kafka\kafka-streams-test-utils\3.8.1\kafka-streams-test-utils-3.8.1.jar;C:\Users\mathe\.m2\repository\org\apache\kafka\kafka-streams\3.8.1\kafka-streams-3.8.1.jar;C:\Users\mathe\.m2\repository\org\rocksdb\rocksdbjni\7.9.2\rocksdbjni-7.9.2.jar;C:\Users\mathe\.m2\repository\org\apache\kafka\kafka_2.13\3.8.1\kafka_2.13-3.8.1.jar;C:\Users\mathe\.m2\repository\org\scala-lang\scala-library\2.13.14\scala-library-2.13.14.jar;C:\Users\mathe\.m2\repository\org\apache\kafka\kafka-group-coordinator-api\3.8.1\kafka-group-coordinator-api-3.8.1.jar;C:\Users\mathe\.m2\repository\org\apache\kafka\kafka-storage-api\3.8.1\kafka-storage-api-3.8.1.jar;C:\Users\mathe\.m2\repository\org\apache\kafka\kafka-tools-api\3.8.1\kafka-tools-api-3.8.1.jar;C:\Users\mathe\.m2\repository\org\apache\kafka\kafka-storage\3.8.1\kafka-storage-3.8.1.jar;C:\Users\mathe\.m2\repository\com\github\ben-manes\caffeine\caffeine\3.1.8\caffeine-3.1.8.jar;C:\Users\mathe\.m2\repository\com\google\errorprone\error_prone_annotations\2.21.1\error_prone_annotations-2.21.1.jar;C:\Users\mathe\.m2\repository\net\sourceforge\argparse4j\argparse4j\0.7.0\argparse4j-0.7.0.jar;C:\Users\mathe\.m2\repository\commons-validator\commons-validator\1.7\commons-validator-1.7.jar;C:\Users\mathe\.m2\repository\commons-beanutils\commons-beanutils\1.9.4\commons-beanutils-1.9.4.jar;C:\Users\mathe\.m2\repository\commons-digester\commons-digester\2.1\commons-digester-2.1.jar;C:\Users\mathe\.m2\repository\commons-collections\commons-collections\3.2.2\commons-collections-3.2.2.jar;C:\Users\mathe\.m2\repository\com\fasterxml\jackson\module\jackson-module-scala_2.13\2.18.3\jackson-module-scala_2.13-2.18.3.jar;C:\Users\mathe\.m2\repository\com\thoughtworks\paranamer\paranamer\2.8\paranamer-2.8.jar;C:\Users\mathe\.m2\repository\com\fasterxml\jackson\dataformat\jackson-dataformat-csv\2.18.3\jackson-dataformat-csv-2.18.3.jar;C:\Users\mathe\.m2\repository\org\bitbucket\b_c\jose4j\0.9.4\jose4j-0.9.4.jar;C:\Users\mathe\.m2\repository\org\scala-lang\modules\scala-collection-compat_2.13\2.10.0\scala-collection-compat_2.13-2.10.0.jar;C:\Users\mathe\.m2\repository\org\scala-lang\modules\scala-java8-compat_2.13\1.0.2\scala-java8-compat_2.13-1.0.2.jar;C:\Users\mathe\.m2\repository\org\scala-lang\scala-reflect\2.13.14\scala-reflect-2.13.14.jar;C:\Users\mathe\.m2\repository\com\typesafe\scala-logging\scala-logging_2.13\3.9.4\scala-logging_2.13-3.9.4.jar;C:\Users\mathe\.m2\repository\io\dropwizard\metrics\metrics-core\4.1.12.1\metrics-core-4.1.12.1.jar;C:\Users\mathe\.m2\repository\commons-cli\commons-cli\1.4\commons-cli-1.4.jar;C:\Users\mathe\.m2\repository\org\apache\kafka\kafka_2.13\3.8.1\kafka_2.13-3.8.1-test.jar;C:\Users\mathe\.m2\repository\org\junit\platform\junit-platform-launcher\1.11.4\junit-platform-launcher-1.11.4.jar;C:\Users\mathe\.m2\repository\org\junit\platform\junit-platform-engine\1.11.4\junit-platform-engine-1.11.4.jar;C:\Users\mathe\.m2\repository\org\springframework\boot\spring-boot-starter-security\3.4.5\spring-boot-starter-security-3.4.5.jar;C:\Users\mathe\.m2\repository\org\springframework\spring-aop\6.2.6\spring-aop-6.2.6.jar;C:\Users\mathe\.m2\repository\org\springframework\security\spring-security-config\6.4.5\spring-security-config-6.4.5.jar;C:\Users\mathe\.m2\repository\org\springframework\security\spring-security-web\6.4.5\spring-security-web-6.4.5.jar;C:\Users\mathe\.m2\repository\org\springframework\security\spring-security-test\6.4.5\spring-security-test-6.4.5.jar;C:\Users\mathe\.m2\repository\org\springframework\security\spring-security-core\6.4.5\spring-security-core-6.4.5.jar;C:\Users\mathe\.m2\repository\org\springframework\security\spring-security-crypto\6.4.5\spring-security-crypto-6.4.5.jar;C:\Users\mathe\.m2\repository\com\h2database\h2\2.3.232\h2-2.3.232.jar;C:\Users\mathe\.m2\repository\org\projectlombok\lombok\1.18.38\lombok-1.18.38.jar;C:\Users\mathe\.m2\repository\org\springframework\boot\spring-boot-starter-oauth2-resource-server\3.4.5\spring-boot-starter-oauth2-resource-server-3.4.5.jar;C:\Users\mathe\.m2\repository\org\springframework\security\spring-security-oauth2-resource-server\6.4.5\spring-security-oauth2-resource-server-6.4.5.jar;C:\Users\mathe\.m2\repository\org\springframework\security\spring-security-oauth2-core\6.4.5\spring-security-oauth2-core-6.4.5.jar;C:\Users\mathe\.m2\repository\org\springframework\security\spring-security-oauth2-jose\6.4.5\spring-security-oauth2-jose-6.4.5.jar;C:\Users\mathe\.m2\repository\com\nimbusds\nimbus-jose-jwt\9.37.3\nimbus-jose-jwt-9.37.3.jar;C:\Users\mathe\.m2\repository\com\github\stephenc\jcip\jcip-annotations\1.0-1\jcip-annotations-1.0-1.jar;C:\Users\mathe\.m2\repository\org\springframework\boot\spring-boot-starter-validation\3.4.5\spring-boot-starter-validation-3.4.5.jar;C:\Users\mathe\.m2\repository\org\apache\tomcat\embed\tomcat-embed-el\10.1.40\tomcat-embed-el-10.1.40.jar;C:\Users\mathe\.m2\repository\org\hibernate\validator\hibernate-validator\8.0.2.Final\hibernate-validator-8.0.2.Final.jar;C:\Users\mathe\.m2\repository\jakarta\validation\jakarta.validation-api\3.0.2\jakarta.validation-api-3.0.2.jar;C:\Users\mathe\.m2\repository\org\springframework\cloud\spring-cloud-starter-netflix-eureka-client\4.2.1\spring-cloud-starter-netflix-eureka-client-4.2.1.jar;C:\Users\mathe\.m2\repository\org\springframework\cloud\spring-cloud-starter\4.2.1\spring-cloud-starter-4.2.1.jar;C:\Users\mathe\.m2\repository\org\springframework\cloud\spring-cloud-context\4.2.1\spring-cloud-context-4.2.1.jar;C:\Users\mathe\.m2\repository\org\springframework\cloud\spring-cloud-commons\4.2.1\spring-cloud-commons-4.2.1.jar;C:\Users\mathe\.m2\repository\org\bouncycastle\bcprov-jdk18on\1.78.1\bcprov-jdk18on-1.78.1.jar;C:\Users\mathe\.m2\repository\org\springframework\cloud\spring-cloud-netflix-eureka-client\4.2.1\spring-cloud-netflix-eureka-client-4.2.1.jar;C:\Users\mathe\.m2\repository\org\apache\httpcomponents\client5\httpclient5\5.4.3\httpclient5-5.4.3.jar;C:\Users\mathe\.m2\repository\org\apache\httpcomponents\core5\httpcore5\5.3.4\httpcore5-5.3.4.jar;C:\Users\mathe\.m2\repository\org\apache\httpcomponents\core5\httpcore5-h2\5.3.4\httpcore5-h2-5.3.4.jar;C:\Users\mathe\.m2\repository\com\netflix\eureka\eureka-client\2.0.4\eureka-client-2.0.4.jar;C:\Users\mathe\.m2\repository\com\thoughtworks\xstream\xstream\1.4.20\xstream-1.4.20.jar;C:\Users\mathe\.m2\repository\io\github\x-stream\mxparser\1.2.2\mxparser-1.2.2.jar;C:\Users\mathe\.m2\repository\xmlpull\xmlpull\1.1.3.1\xmlpull-1.1.3.1.jar;C:\Users\mathe\.m2\repository\jakarta\ws\rs\jakarta.ws.rs-api\3.1.0\jakarta.ws.rs-api-3.1.0.jar;C:\Users\mathe\.m2\repository\com\netflix\spectator\spectator-api\1.7.3\spectator-api-1.7.3.jar;C:\Users\mathe\.m2\repository\org\apache\httpcomponents\httpclient\4.5.3\httpclient-4.5.3.jar;C:\Users\mathe\.m2\repository\org\apache\httpcomponents\httpcore\4.4.16\httpcore-4.4.16.jar;C:\Users\mathe\.m2\repository\commons-codec\commons-codec\1.17.2\commons-codec-1.17.2.jar;C:\Users\mathe\.m2\repository\commons-configuration\commons-configuration\1.10\commons-configuration-1.10.jar;C:\Users\mathe\.m2\repository\commons-lang\commons-lang\2.6\commons-lang-2.6.jar;C:\Users\mathe\.m2\repository\com\fasterxml\jackson\core\jackson-annotations\2.18.3\jackson-annotations-2.18.3.jar;C:\Users\mathe\.m2\repository\com\fasterxml\jackson\core\jackson-core\2.18.3\jackson-core-2.18.3.jar;C:\Users\mathe\.m2\repository\com\netflix\netflix-commons\netflix-eventbus\0.3.0\netflix-eventbus-0.3.0.jar;C:\Users\mathe\.m2\repository\com\netflix\netflix-commons\netflix-infix\0.3.0\netflix-infix-0.3.0.jar;C:\Users\mathe\.m2\repository\commons-jxpath\commons-jxpath\1.3\commons-jxpath-1.3.jar;C:\Users\mathe\.m2\repository\joda-time\joda-time\2.3\joda-time-2.3.jar;C:\Users\mathe\.m2\repository\org\antlr\antlr-runtime\3.4\antlr-runtime-3.4.jar;C:\Users\mathe\.m2\repository\org\antlr\stringtemplate\3.2.1\stringtemplate-3.2.1.jar;C:\Users\mathe\.m2\repository\antlr\antlr\2.7.7\antlr-2.7.7.jar;C:\Users\mathe\.m2\repository\com\google\guava\guava\14.0.1\guava-14.0.1.jar;C:\Users\mathe\.m2\repository\com\google\code\gson\gson\2.11.0\gson-2.11.0.jar;C:\Users\mathe\.m2\repository\com\netflix\servo\servo-core\0.5.3\servo-core-0.5.3.jar;C:\Users\mathe\.m2\repository\org\apache\commons\commons-math\2.2\commons-math-2.2.jar;C:\Users\mathe\.m2\repository\javax\annotation\javax.annotation-api\1.2\javax.annotation-api-1.2.jar;C:\Users\mathe\.m2\repository\org\codehaus\jettison\jettison\1.5.4\jettison-1.5.4.jar;C:\Users\mathe\.m2\repository\org\springframework\cloud\spring-cloud-starter-loadbalancer\4.2.1\spring-cloud-starter-loadbalancer-4.2.1.jar;C:\Users\mathe\.m2\repository\org\springframework\cloud\spring-cloud-loadbalancer\4.2.1\spring-cloud-loadbalancer-4.2.1.jar;C:\Users\mathe\.m2\repository\io\projectreactor\reactor-core\3.7.5\reactor-core-3.7.5.jar;C:\Users\mathe\.m2\repository\org\reactivestreams\reactive-streams\1.0.4\reactive-streams-1.0.4.jar;C:\Users\mathe\.m2\repository\io\projectreactor\addons\reactor-extra\3.5.2\reactor-extra-3.5.2.jar;C:\Users\mathe\.m2\repository\org\springframework\boot\spring-boot-starter-cache\3.4.5\spring-boot-starter-cache-3.4.5.jar;C:\Users\mathe\.m2\repository\org\springframework\spring-context-support\6.2.6\spring-context-support-6.2.6.jar;C:\Users\mathe\.m2\repository\com\stoyanr\evictor\1.0.0\evictor-1.0.0.jar;C:\Users\mathe\.m2\repository\org\springframework\boot\spring-boot-starter-actuator\3.4.5\spring-boot-starter-actuator-3.4.5.jar;C:\Users\mathe\.m2\repository\org\springframework\boot\spring-boot-actuator-autoconfigure\3.4.5\spring-boot-actuator-autoconfigure-3.4.5.jar;C:\Users\mathe\.m2\repository\org\springframework\boot\spring-boot-actuator\3.4.5\spring-boot-actuator-3.4.5.jar;C:\Users\mathe\.m2\repository\io\micrometer\micrometer-jakarta9\1.14.6\micrometer-jakarta9-1.14.6.jar;C:\Users\mathe\.m2\repository\io\micrometer\micrometer-registry-prometheus\1.14.6\micrometer-registry-prometheus-1.14.6.jar;C:\Users\mathe\.m2\repository\io\micrometer\micrometer-core\1.14.6\micrometer-core-1.14.6.jar;C:\Users\mathe\.m2\repository\org\hdrhistogram\HdrHistogram\2.2.2\HdrHistogram-2.2.2.jar;C:\Users\mathe\.m2\repository\org\latencyutils\LatencyUtils\2.0.3\LatencyUtils-2.0.3.jar;C:\Users\mathe\.m2\repository\io\prometheus\prometheus-metrics-core\1.3.6\prometheus-metrics-core-1.3.6.jar;C:\Users\mathe\.m2\repository\io\prometheus\prometheus-metrics-model\1.3.6\prometheus-metrics-model-1.3.6.jar;C:\Users\mathe\.m2\repository\io\prometheus\prometheus-metrics-config\1.3.6\prometheus-metrics-config-1.3.6.jar;C:\Users\mathe\.m2\repository\io\prometheus\prometheus-metrics-tracer-common\1.3.6\prometheus-metrics-tracer-common-1.3.6.jar;C:\Users\mathe\.m2\repository\io\prometheus\prometheus-metrics-exposition-formats\1.3.6\prometheus-metrics-exposition-formats-1.3.6.jar;C:\Users\mathe\.m2\repository\io\prometheus\prometheus-metrics-exposition-textformats\1.3.6\prometheus-metrics-exposition-textformats-1.3.6.jar;"/>
    <property name="java.vm.vendor" value="Eclipse Adoptium"/>
    <property name="sun.arch.data.model" value="64"/>
    <property name="user.variant" value=""/>
    <property name="java.vendor.url" value="https://adoptium.net/"/>
    <property name="user.timezone" value="America/Sao_Paulo"/>
    <property name="org.jboss.logging.provider" value="slf4j"/>
    <property name="os.name" value="Windows 11"/>
    <property name="java.vm.specification.version" value="21"/>
    <property name="APPLICATION_NAME" value="auth-service"/>
    <property name="sun.java.launcher" value="SUN_STANDARD"/>
    <property name="user.country" value="BR"/>
    <property name="sun.boot.library.path" value="C:\Users\mathe\.jdks\temurin-21.0.7\bin"/>
    <property name="sun.java.command" value="C:\Users\mathe\AppData\Local\Temp\surefire17812080950934708770\surefirebooter-20250710015400446_3.jar C:\Users\mathe\AppData\Local\Temp\surefire17812080950934708770 2025-07-10T01-54-00_292-jvmRun1 surefire-20250710015400446_1tmp surefire_0-20250710015400446_2tmp"/>
    <property name="jdk.debug" value="release"/>
    <property name="surefire.test.class.path" value="C:\dev\micrommerce\auth-service\target\test-classes;C:\dev\micrommerce\auth-service\target\classes;C:\Users\mathe\.m2\repository\org\springframework\boot\spring-boot-starter-data-jpa\3.4.5\spring-boot-starter-data-jpa-3.4.5.jar;C:\Users\mathe\.m2\repository\org\springframework\boot\spring-boot-starter\3.4.5\spring-boot-starter-3.4.5.jar;C:\Users\mathe\.m2\repository\org\springframework\boot\spring-boot\3.4.5\spring-boot-3.4.5.jar;C:\Users\mathe\.m2\repository\org\springframework\boot\spring-boot-autoconfigure\3.4.5\spring-boot-autoconfigure-3.4.5.jar;C:\Users\mathe\.m2\repository\org\springframework\boot\spring-boot-starter-logging\3.4.5\spring-boot-starter-logging-3.4.5.jar;C:\Users\mathe\.m2\repository\org\apache\logging\log4j\log4j-to-slf4j\2.24.3\log4j-to-slf4j-2.24.3.jar;C:\Users\mathe\.m2\repository\org\apache\logging\log4j\log4j-api\2.24.3\log4j-api-2.24.3.jar;C:\Users\mathe\.m2\repository\org\slf4j\jul-to-slf4j\2.0.17\jul-to-slf4j-2.0.17.jar;C:\Users\mathe\.m2\repository\jakarta\annotation\jakarta.annotation-api\2.1.1\jakarta.annotation-api-2.1.1.jar;C:\Users\mathe\.m2\repository\org\yaml\snakeyaml\2.3\snakeyaml-2.3.jar;C:\Users\mathe\.m2\repository\org\springframework\boot\spring-boot-starter-jdbc\3.4.5\spring-boot-starter-jdbc-3.4.5.jar;C:\Users\mathe\.m2\repository\com\zaxxer\HikariCP\5.1.0\HikariCP-5.1.0.jar;C:\Users\mathe\.m2\repository\org\springframework\spring-jdbc\6.2.6\spring-jdbc-6.2.6.jar;C:\Users\mathe\.m2\repository\org\hibernate\orm\hibernate-core\6.6.13.Final\hibernate-core-6.6.13.Final.jar;C:\Users\mathe\.m2\repository\jakarta\persistence\jakarta.persistence-api\3.1.0\jakarta.persistence-api-3.1.0.jar;C:\Users\mathe\.m2\repository\jakarta\transaction\jakarta.transaction-api\2.0.1\jakarta.transaction-api-2.0.1.jar;C:\Users\mathe\.m2\repository\org\jboss\logging\jboss-logging\3.6.1.Final\jboss-logging-3.6.1.Final.jar;C:\Users\mathe\.m2\repository\org\hibernate\common\hibernate-commons-annotations\7.0.3.Final\hibernate-commons-annotations-7.0.3.Final.jar;C:\Users\mathe\.m2\repository\io\smallrye\jandex\3.2.0\jandex-3.2.0.jar;C:\Users\mathe\.m2\repository\com\fasterxml\classmate\1.7.0\classmate-1.7.0.jar;C:\Users\mathe\.m2\repository\org\glassfish\jaxb\jaxb-runtime\4.0.5\jaxb-runtime-4.0.5.jar;C:\Users\mathe\.m2\repository\org\glassfish\jaxb\jaxb-core\4.0.5\jaxb-core-4.0.5.jar;C:\Users\mathe\.m2\repository\org\eclipse\angus\angus-activation\2.0.2\angus-activation-2.0.2.jar;C:\Users\mathe\.m2\repository\org\glassfish\jaxb\txw2\4.0.5\txw2-4.0.5.jar;C:\Users\mathe\.m2\repository\com\sun\istack\istack-commons-runtime\4.1.2\istack-commons-runtime-4.1.2.jar;C:\Users\mathe\.m2\repository\jakarta\inject\jakarta.inject-api\2.0.1\jakarta.inject-api-2.0.1.jar;C:\Users\mathe\.m2\repository\org\antlr\antlr4-runtime\4.13.0\antlr4-runtime-4.13.0.jar;C:\Users\mathe\.m2\repository\org\springframework\data\spring-data-jpa\3.4.5\spring-data-jpa-3.4.5.jar;C:\Users\mathe\.m2\repository\org\springframework\data\spring-data-commons\3.4.5\spring-data-commons-3.4.5.jar;C:\Users\mathe\.m2\repository\org\springframework\spring-orm\6.2.6\spring-orm-6.2.6.jar;C:\Users\mathe\.m2\repository\org\springframework\spring-beans\6.2.6\spring-beans-6.2.6.jar;C:\Users\mathe\.m2\repository\org\slf4j\slf4j-api\2.0.17\slf4j-api-2.0.17.jar;C:\Users\mathe\.m2\repository\org\springframework\spring-aspects\6.2.6\spring-aspects-6.2.6.jar;C:\Users\mathe\.m2\repository\org\aspectj\aspectjweaver\1.9.24\aspectjweaver-1.9.24.jar;C:\Users\mathe\.m2\repository\org\springframework\boot\spring-boot-starter-web\3.4.5\spring-boot-starter-web-3.4.5.jar;C:\Users\mathe\.m2\repository\org\springframework\boot\spring-boot-starter-json\3.4.5\spring-boot-starter-json-3.4.5.jar;C:\Users\mathe\.m2\repository\com\fasterxml\jackson\core\jackson-databind\2.18.3\jackson-databind-2.18.3.jar;C:\Users\mathe\.m2\repository\com\fasterxml\jackson\datatype\jackson-datatype-jdk8\2.18.3\jackson-datatype-jdk8-2.18.3.jar;C:\Users\mathe\.m2\repository\com\fasterxml\jackson\datatype\jackson-datatype-jsr310\2.18.3\jackson-datatype-jsr310-2.18.3.jar;C:\Users\mathe\.m2\repository\com\fasterxml\jackson\module\jackson-module-parameter-names\2.18.3\jackson-module-parameter-names-2.18.3.jar;C:\Users\mathe\.m2\repository\org\springframework\boot\spring-boot-starter-tomcat\3.4.5\spring-boot-starter-tomcat-3.4.5.jar;C:\Users\mathe\.m2\repository\org\apache\tomcat\embed\tomcat-embed-core\10.1.40\tomcat-embed-core-10.1.40.jar;C:\Users\mathe\.m2\repository\org\apache\tomcat\embed\tomcat-embed-websocket\10.1.40\tomcat-embed-websocket-10.1.40.jar;C:\Users\mathe\.m2\repository\org\springframework\spring-web\6.2.6\spring-web-6.2.6.jar;C:\Users\mathe\.m2\repository\org\springframework\spring-webmvc\6.2.6\spring-webmvc-6.2.6.jar;C:\Users\mathe\.m2\repository\org\springframework\spring-expression\6.2.6\spring-expression-6.2.6.jar;C:\Users\mathe\.m2\repository\org\springframework\kafka\spring-kafka\3.3.5\spring-kafka-3.3.5.jar;C:\Users\mathe\.m2\repository\org\springframework\spring-context\6.2.6\spring-context-6.2.6.jar;C:\Users\mathe\.m2\repository\org\springframework\spring-messaging\6.2.6\spring-messaging-6.2.6.jar;C:\Users\mathe\.m2\repository\org\springframework\spring-tx\6.2.6\spring-tx-6.2.6.jar;C:\Users\mathe\.m2\repository\org\springframework\retry\spring-retry\2.0.11\spring-retry-2.0.11.jar;C:\Users\mathe\.m2\repository\org\apache\kafka\kafka-clients\3.8.1\kafka-clients-3.8.1.jar;C:\Users\mathe\.m2\repository\com\github\luben\zstd-jni\1.5.6-4\zstd-jni-1.5.6-4.jar;C:\Users\mathe\.m2\repository\org\lz4\lz4-java\1.8.0\lz4-java-1.8.0.jar;C:\Users\mathe\.m2\repository\org\xerial\snappy\snappy-java\1.1.10.5\snappy-java-1.1.10.5.jar;C:\Users\mathe\.m2\repository\io\micrometer\micrometer-observation\1.14.6\micrometer-observation-1.14.6.jar;C:\Users\mathe\.m2\repository\io\micrometer\micrometer-commons\1.14.6\micrometer-commons-1.14.6.jar;C:\Users\mathe\.m2\repository\org\postgresql\postgresql\42.7.5\postgresql-42.7.5.jar;C:\Users\mathe\.m2\repository\org\checkerframework\checker-qual\3.48.3\checker-qual-3.48.3.jar;C:\Users\mathe\.m2\repository\org\springframework\boot\spring-boot-starter-test\3.4.5\spring-boot-starter-test-3.4.5.jar;C:\Users\mathe\.m2\repository\org\springframework\boot\spring-boot-test\3.4.5\spring-boot-test-3.4.5.jar;C:\Users\mathe\.m2\repository\org\springframework\boot\spring-boot-test-autoconfigure\3.4.5\spring-boot-test-autoconfigure-3.4.5.jar;C:\Users\mathe\.m2\repository\com\jayway\jsonpath\json-path\2.9.0\json-path-2.9.0.jar;C:\Users\mathe\.m2\repository\jakarta\xml\bind\jakarta.xml.bind-api\4.0.2\jakarta.xml.bind-api-4.0.2.jar;C:\Users\mathe\.m2\repository\jakarta\activation\jakarta.activation-api\2.1.3\jakarta.activation-api-2.1.3.jar;C:\Users\mathe\.m2\repository\net\minidev\json-smart\2.5.2\json-smart-2.5.2.jar;C:\Users\mathe\.m2\repository\net\minidev\accessors-smart\2.5.2\accessors-smart-2.5.2.jar;C:\Users\mathe\.m2\repository\org\ow2\asm\asm\9.7.1\asm-9.7.1.jar;C:\Users\mathe\.m2\repository\org\assertj\assertj-core\3.26.3\assertj-core-3.26.3.jar;C:\Users\mathe\.m2\repository\org\awaitility\awaitility\4.2.2\awaitility-4.2.2.jar;C:\Users\mathe\.m2\repository\org\hamcrest\hamcrest\2.2\hamcrest-2.2.jar;C:\Users\mathe\.m2\repository\org\junit\jupiter\junit-jupiter\5.11.4\junit-jupiter-5.11.4.jar;C:\Users\mathe\.m2\repository\org\junit\jupiter\junit-jupiter-params\5.11.4\junit-jupiter-params-5.11.4.jar;C:\Users\mathe\.m2\repository\org\junit\jupiter\junit-jupiter-engine\5.11.4\junit-jupiter-engine-5.11.4.jar;C:\Users\mathe\.m2\repository\org\skyscreamer\jsonassert\1.5.3\jsonassert-1.5.3.jar;C:\Users\mathe\.m2\repository\com\vaadin\external\google\android-json\0.0.20131108.vaadin1\android-json-0.0.20131108.vaadin1.jar;C:\Users\mathe\.m2\repository\org\springframework\spring-core\6.2.6\spring-core-6.2.6.jar;C:\Users\mathe\.m2\repository\org\springframework\spring-jcl\6.2.6\spring-jcl-6.2.6.jar;C:\Users\mathe\.m2\repository\org\springframework\spring-test\6.2.6\spring-test-6.2.6.jar;C:\Users\mathe\.m2\repository\org\xmlunit\xmlunit-core\2.10.0\xmlunit-core-2.10.0.jar;C:\Users\mathe\.m2\repository\org\mockito\mockito-core\5.14.2\mockito-core-5.14.2.jar;C:\Users\mathe\.m2\repository\net\bytebuddy\byte-buddy\1.15.11\byte-buddy-1.15.11.jar;C:\Users\mathe\.m2\repository\net\bytebuddy\byte-buddy-agent\1.15.11\byte-buddy-agent-1.15.11.jar;C:\Users\mathe\.m2\repository\org\objenesis\objenesis\3.3\objenesis-3.3.jar;C:\Users\mathe\.m2\repository\org\mockito\mockito-junit-jupiter\5.14.2\mockito-junit-jupiter-5.14.2.jar;C:\Users\mathe\.m2\repository\org\junit\jupiter\junit-jupiter-api\5.11.4\junit-jupiter-api-5.11.4.jar;C:\Users\mathe\.m2\repository\org\opentest4j\opentest4j\1.3.0\opentest4j-1.3.0.jar;C:\Users\mathe\.m2\repository\org\junit\platform\junit-platform-commons\1.11.4\junit-platform-commons-1.11.4.jar;C:\Users\mathe\.m2\repository\org\apiguardian\apiguardian-api\1.1.2\apiguardian-api-1.1.2.jar;C:\Users\mathe\.m2\repository\org\springframework\kafka\spring-kafka-test\3.3.5\spring-kafka-test-3.3.5.jar;C:\Users\mathe\.m2\repository\org\apache\zookeeper\zookeeper\3.8.4\zookeeper-3.8.4.jar;C:\Users\mathe\.m2\repository\org\apache\zookeeper\zookeeper-jute\3.8.4\zookeeper-jute-3.8.4.jar;C:\Users\mathe\.m2\repository\org\apache\yetus\audience-annotations\0.12.0\audience-annotations-0.12.0.jar;C:\Users\mathe\.m2\repository\io\netty\netty-handler\4.1.119.Final\netty-handler-4.1.119.Final.jar;C:\Users\mathe\.m2\repository\io\netty\netty-common\4.1.119.Final\netty-common-4.1.119.Final.jar;C:\Users\mathe\.m2\repository\io\netty\netty-resolver\4.1.119.Final\netty-resolver-4.1.119.Final.jar;C:\Users\mathe\.m2\repository\io\netty\netty-buffer\4.1.119.Final\netty-buffer-4.1.119.Final.jar;C:\Users\mathe\.m2\repository\io\netty\netty-transport\4.1.119.Final\netty-transport-4.1.119.Final.jar;C:\Users\mathe\.m2\repository\io\netty\netty-transport-native-unix-common\4.1.119.Final\netty-transport-native-unix-common-4.1.119.Final.jar;C:\Users\mathe\.m2\repository\io\netty\netty-codec\4.1.119.Final\netty-codec-4.1.119.Final.jar;C:\Users\mathe\.m2\repository\io\netty\netty-transport-native-epoll\4.1.119.Final\netty-transport-native-epoll-4.1.119.Final.jar;C:\Users\mathe\.m2\repository\io\netty\netty-transport-classes-epoll\4.1.119.Final\netty-transport-classes-epoll-4.1.119.Final.jar;C:\Users\mathe\.m2\repository\ch\qos\logback\logback-core\1.5.18\logback-core-1.5.18.jar;C:\Users\mathe\.m2\repository\ch\qos\logback\logback-classic\1.5.18\logback-classic-1.5.18.jar;C:\Users\mathe\.m2\repository\commons-io\commons-io\2.11.0\commons-io-2.11.0.jar;C:\Users\mathe\.m2\repository\org\apache\kafka\kafka-clients\3.8.1\kafka-clients-3.8.1-test.jar;C:\Users\mathe\.m2\repository\org\apache\kafka\kafka-server\3.8.1\kafka-server-3.8.1.jar;C:\Users\mathe\.m2\repository\org\apache\kafka\kafka-group-coordinator\3.8.1\kafka-group-coordinator-3.8.1.jar;C:\Users\mathe\.m2\repository\org\apache\kafka\kafka-transaction-coordinator\3.8.1\kafka-transaction-coordinator-3.8.1.jar;C:\Users\mathe\.m2\repository\org\apache\kafka\kafka-raft\3.8.1\kafka-raft-3.8.1.jar;C:\Users\mathe\.m2\repository\com\yammer\metrics\metrics-core\2.2.0\metrics-core-2.2.0.jar;C:\Users\mathe\.m2\repository\org\apache\kafka\kafka-metadata\3.8.1\kafka-metadata-3.8.1.jar;C:\Users\mathe\.m2\repository\org\apache\kafka\kafka-server-common\3.8.1\kafka-server-common-3.8.1.jar;C:\Users\mathe\.m2\repository\net\sf\jopt-simple\jopt-simple\5.0.4\jopt-simple-5.0.4.jar;C:\Users\mathe\.m2\repository\org\pcollections\pcollections\4.0.1\pcollections-4.0.1.jar;C:\Users\mathe\.m2\repository\org\apache\kafka\kafka-server-common\3.8.1\kafka-server-common-3.8.1-test.jar;C:\Users\mathe\.m2\repository\org\apache\kafka\kafka-streams-test-utils\3.8.1\kafka-streams-test-utils-3.8.1.jar;C:\Users\mathe\.m2\repository\org\apache\kafka\kafka-streams\3.8.1\kafka-streams-3.8.1.jar;C:\Users\mathe\.m2\repository\org\rocksdb\rocksdbjni\7.9.2\rocksdbjni-7.9.2.jar;C:\Users\mathe\.m2\repository\org\apache\kafka\kafka_2.13\3.8.1\kafka_2.13-3.8.1.jar;C:\Users\mathe\.m2\repository\org\scala-lang\scala-library\2.13.14\scala-library-2.13.14.jar;C:\Users\mathe\.m2\repository\org\apache\kafka\kafka-group-coordinator-api\3.8.1\kafka-group-coordinator-api-3.8.1.jar;C:\Users\mathe\.m2\repository\org\apache\kafka\kafka-storage-api\3.8.1\kafka-storage-api-3.8.1.jar;C:\Users\mathe\.m2\repository\org\apache\kafka\kafka-tools-api\3.8.1\kafka-tools-api-3.8.1.jar;C:\Users\mathe\.m2\repository\org\apache\kafka\kafka-storage\3.8.1\kafka-storage-3.8.1.jar;C:\Users\mathe\.m2\repository\com\github\ben-manes\caffeine\caffeine\3.1.8\caffeine-3.1.8.jar;C:\Users\mathe\.m2\repository\com\google\errorprone\error_prone_annotations\2.21.1\error_prone_annotations-2.21.1.jar;C:\Users\mathe\.m2\repository\net\sourceforge\argparse4j\argparse4j\0.7.0\argparse4j-0.7.0.jar;C:\Users\mathe\.m2\repository\commons-validator\commons-validator\1.7\commons-validator-1.7.jar;C:\Users\mathe\.m2\repository\commons-beanutils\commons-beanutils\1.9.4\commons-beanutils-1.9.4.jar;C:\Users\mathe\.m2\repository\commons-digester\commons-digester\2.1\commons-digester-2.1.jar;C:\Users\mathe\.m2\repository\commons-collections\commons-collections\3.2.2\commons-collections-3.2.2.jar;C:\Users\mathe\.m2\repository\com\fasterxml\jackson\module\jackson-module-scala_2.13\2.18.3\jackson-module-scala_2.13-2.18.3.jar;C:\Users\mathe\.m2\repository\com\thoughtworks\paranamer\paranamer\2.8\paranamer-2.8.jar;C:\Users\mathe\.m2\repository\com\fasterxml\jackson\dataformat\jackson-dataformat-csv\2.18.3\jackson-dataformat-csv-2.18.3.jar;C:\Users\mathe\.m2\repository\org\bitbucket\b_c\jose4j\0.9.4\jose4j-0.9.4.jar;C:\Users\mathe\.m2\repository\org\scala-lang\modules\scala-collection-compat_2.13\2.10.0\scala-collection-compat_2.13-2.10.0.jar;C:\Users\mathe\.m2\repository\org\scala-lang\modules\scala-java8-compat_2.13\1.0.2\scala-java8-compat_2.13-1.0.2.jar;C:\Users\mathe\.m2\repository\org\scala-lang\scala-reflect\2.13.14\scala-reflect-2.13.14.jar;C:\Users\mathe\.m2\repository\com\typesafe\scala-logging\scala-logging_2.13\3.9.4\scala-logging_2.13-3.9.4.jar;C:\Users\mathe\.m2\repository\io\dropwizard\metrics\metrics-core\4.1.12.1\metrics-core-4.1.12.1.jar;C:\Users\mathe\.m2\repository\commons-cli\commons-cli\1.4\commons-cli-1.4.jar;C:\Users\mathe\.m2\repository\org\apache\kafka\kafka_2.13\3.8.1\kafka_2.13-3.8.1-test.jar;C:\Users\mathe\.m2\repository\org\junit\platform\junit-platform-launcher\1.11.4\junit-platform-launcher-1.11.4.jar;C:\Users\mathe\.m2\repository\org\junit\platform\junit-platform-engine\1.11.4\junit-platform-engine-1.11.4.jar;C:\Users\mathe\.m2\repository\org\springframework\boot\spring-boot-starter-security\3.4.5\spring-boot-starter-security-3.4.5.jar;C:\Users\mathe\.m2\repository\org\springframework\spring-aop\6.2.6\spring-aop-6.2.6.jar;C:\Users\mathe\.m2\repository\org\springframework\security\spring-security-config\6.4.5\spring-security-config-6.4.5.jar;C:\Users\mathe\.m2\repository\org\springframework\security\spring-security-web\6.4.5\spring-security-web-6.4.5.jar;C:\Users\mathe\.m2\repository\org\springframework\security\spring-security-test\6.4.5\spring-security-test-6.4.5.jar;C:\Users\mathe\.m2\repository\org\springframework\security\spring-security-core\6.4.5\spring-security-core-6.4.5.jar;C:\Users\mathe\.m2\repository\org\springframework\security\spring-security-crypto\6.4.5\spring-security-crypto-6.4.5.jar;C:\Users\mathe\.m2\repository\com\h2database\h2\2.3.232\h2-2.3.232.jar;C:\Users\mathe\.m2\repository\org\projectlombok\lombok\1.18.38\lombok-1.18.38.jar;C:\Users\mathe\.m2\repository\org\springframework\boot\spring-boot-starter-oauth2-resource-server\3.4.5\spring-boot-starter-oauth2-resource-server-3.4.5.jar;C:\Users\mathe\.m2\repository\org\springframework\security\spring-security-oauth2-resource-server\6.4.5\spring-security-oauth2-resource-server-6.4.5.jar;C:\Users\mathe\.m2\repository\org\springframework\security\spring-security-oauth2-core\6.4.5\spring-security-oauth2-core-6.4.5.jar;C:\Users\mathe\.m2\repository\org\springframework\security\spring-security-oauth2-jose\6.4.5\spring-security-oauth2-jose-6.4.5.jar;C:\Users\mathe\.m2\repository\com\nimbusds\nimbus-jose-jwt\9.37.3\nimbus-jose-jwt-9.37.3.jar;C:\Users\mathe\.m2\repository\com\github\stephenc\jcip\jcip-annotations\1.0-1\jcip-annotations-1.0-1.jar;C:\Users\mathe\.m2\repository\org\springframework\boot\spring-boot-starter-validation\3.4.5\spring-boot-starter-validation-3.4.5.jar;C:\Users\mathe\.m2\repository\org\apache\tomcat\embed\tomcat-embed-el\10.1.40\tomcat-embed-el-10.1.40.jar;C:\Users\mathe\.m2\repository\org\hibernate\validator\hibernate-validator\8.0.2.Final\hibernate-validator-8.0.2.Final.jar;C:\Users\mathe\.m2\repository\jakarta\validation\jakarta.validation-api\3.0.2\jakarta.validation-api-3.0.2.jar;C:\Users\mathe\.m2\repository\org\springframework\cloud\spring-cloud-starter-netflix-eureka-client\4.2.1\spring-cloud-starter-netflix-eureka-client-4.2.1.jar;C:\Users\mathe\.m2\repository\org\springframework\cloud\spring-cloud-starter\4.2.1\spring-cloud-starter-4.2.1.jar;C:\Users\mathe\.m2\repository\org\springframework\cloud\spring-cloud-context\4.2.1\spring-cloud-context-4.2.1.jar;C:\Users\mathe\.m2\repository\org\springframework\cloud\spring-cloud-commons\4.2.1\spring-cloud-commons-4.2.1.jar;C:\Users\mathe\.m2\repository\org\bouncycastle\bcprov-jdk18on\1.78.1\bcprov-jdk18on-1.78.1.jar;C:\Users\mathe\.m2\repository\org\springframework\cloud\spring-cloud-netflix-eureka-client\4.2.1\spring-cloud-netflix-eureka-client-4.2.1.jar;C:\Users\mathe\.m2\repository\org\apache\httpcomponents\client5\httpclient5\5.4.3\httpclient5-5.4.3.jar;C:\Users\mathe\.m2\repository\org\apache\httpcomponents\core5\httpcore5\5.3.4\httpcore5-5.3.4.jar;C:\Users\mathe\.m2\repository\org\apache\httpcomponents\core5\httpcore5-h2\5.3.4\httpcore5-h2-5.3.4.jar;C:\Users\mathe\.m2\repository\com\netflix\eureka\eureka-client\2.0.4\eureka-client-2.0.4.jar;C:\Users\mathe\.m2\repository\com\thoughtworks\xstream\xstream\1.4.20\xstream-1.4.20.jar;C:\Users\mathe\.m2\repository\io\github\x-stream\mxparser\1.2.2\mxparser-1.2.2.jar;C:\Users\mathe\.m2\repository\xmlpull\xmlpull\1.1.3.1\xmlpull-1.1.3.1.jar;C:\Users\mathe\.m2\repository\jakarta\ws\rs\jakarta.ws.rs-api\3.1.0\jakarta.ws.rs-api-3.1.0.jar;C:\Users\mathe\.m2\repository\com\netflix\spectator\spectator-api\1.7.3\spectator-api-1.7.3.jar;C:\Users\mathe\.m2\repository\org\apache\httpcomponents\httpclient\4.5.3\httpclient-4.5.3.jar;C:\Users\mathe\.m2\repository\org\apache\httpcomponents\httpcore\4.4.16\httpcore-4.4.16.jar;C:\Users\mathe\.m2\repository\commons-codec\commons-codec\1.17.2\commons-codec-1.17.2.jar;C:\Users\mathe\.m2\repository\commons-configuration\commons-configuration\1.10\commons-configuration-1.10.jar;C:\Users\mathe\.m2\repository\commons-lang\commons-lang\2.6\commons-lang-2.6.jar;C:\Users\mathe\.m2\repository\com\fasterxml\jackson\core\jackson-annotations\2.18.3\jackson-annotations-2.18.3.jar;C:\Users\mathe\.m2\repository\com\fasterxml\jackson\core\jackson-core\2.18.3\jackson-core-2.18.3.jar;C:\Users\mathe\.m2\repository\com\netflix\netflix-commons\netflix-eventbus\0.3.0\netflix-eventbus-0.3.0.jar;C:\Users\mathe\.m2\repository\com\netflix\netflix-commons\netflix-infix\0.3.0\netflix-infix-0.3.0.jar;C:\Users\mathe\.m2\repository\commons-jxpath\commons-jxpath\1.3\commons-jxpath-1.3.jar;C:\Users\mathe\.m2\repository\joda-time\joda-time\2.3\joda-time-2.3.jar;C:\Users\mathe\.m2\repository\org\antlr\antlr-runtime\3.4\antlr-runtime-3.4.jar;C:\Users\mathe\.m2\repository\org\antlr\stringtemplate\3.2.1\stringtemplate-3.2.1.jar;C:\Users\mathe\.m2\repository\antlr\antlr\2.7.7\antlr-2.7.7.jar;C:\Users\mathe\.m2\repository\com\google\guava\guava\14.0.1\guava-14.0.1.jar;C:\Users\mathe\.m2\repository\com\google\code\gson\gson\2.11.0\gson-2.11.0.jar;C:\Users\mathe\.m2\repository\com\netflix\servo\servo-core\0.5.3\servo-core-0.5.3.jar;C:\Users\mathe\.m2\repository\org\apache\commons\commons-math\2.2\commons-math-2.2.jar;C:\Users\mathe\.m2\repository\javax\annotation\javax.annotation-api\1.2\javax.annotation-api-1.2.jar;C:\Users\mathe\.m2\repository\org\codehaus\jettison\jettison\1.5.4\jettison-1.5.4.jar;C:\Users\mathe\.m2\repository\org\springframework\cloud\spring-cloud-starter-loadbalancer\4.2.1\spring-cloud-starter-loadbalancer-4.2.1.jar;C:\Users\mathe\.m2\repository\org\springframework\cloud\spring-cloud-loadbalancer\4.2.1\spring-cloud-loadbalancer-4.2.1.jar;C:\Users\mathe\.m2\repository\io\projectreactor\reactor-core\3.7.5\reactor-core-3.7.5.jar;C:\Users\mathe\.m2\repository\org\reactivestreams\reactive-streams\1.0.4\reactive-streams-1.0.4.jar;C:\Users\mathe\.m2\repository\io\projectreactor\addons\reactor-extra\3.5.2\reactor-extra-3.5.2.jar;C:\Users\mathe\.m2\repository\org\springframework\boot\spring-boot-starter-cache\3.4.5\spring-boot-starter-cache-3.4.5.jar;C:\Users\mathe\.m2\repository\org\springframework\spring-context-support\6.2.6\spring-context-support-6.2.6.jar;C:\Users\mathe\.m2\repository\com\stoyanr\evictor\1.0.0\evictor-1.0.0.jar;C:\Users\mathe\.m2\repository\org\springframework\boot\spring-boot-starter-actuator\3.4.5\spring-boot-starter-actuator-3.4.5.jar;C:\Users\mathe\.m2\repository\org\springframework\boot\spring-boot-actuator-autoconfigure\3.4.5\spring-boot-actuator-autoconfigure-3.4.5.jar;C:\Users\mathe\.m2\repository\org\springframework\boot\spring-boot-actuator\3.4.5\spring-boot-actuator-3.4.5.jar;C:\Users\mathe\.m2\repository\io\micrometer\micrometer-jakarta9\1.14.6\micrometer-jakarta9-1.14.6.jar;C:\Users\mathe\.m2\repository\io\micrometer\micrometer-registry-prometheus\1.14.6\micrometer-registry-prometheus-1.14.6.jar;C:\Users\mathe\.m2\repository\io\micrometer\micrometer-core\1.14.6\micrometer-core-1.14.6.jar;C:\Users\mathe\.m2\repository\org\hdrhistogram\HdrHistogram\2.2.2\HdrHistogram-2.2.2.jar;C:\Users\mathe\.m2\repository\org\latencyutils\LatencyUtils\2.0.3\LatencyUtils-2.0.3.jar;C:\Users\mathe\.m2\repository\io\prometheus\prometheus-metrics-core\1.3.6\prometheus-metrics-core-1.3.6.jar;C:\Users\mathe\.m2\repository\io\prometheus\prometheus-metrics-model\1.3.6\prometheus-metrics-model-1.3.6.jar;C:\Users\mathe\.m2\repository\io\prometheus\prometheus-metrics-config\1.3.6\prometheus-metrics-config-1.3.6.jar;C:\Users\mathe\.m2\repository\io\prometheus\prometheus-metrics-tracer-common\1.3.6\prometheus-metrics-tracer-common-1.3.6.jar;C:\Users\mathe\.m2\repository\io\prometheus\prometheus-metrics-exposition-formats\1.3.6\prometheus-metrics-exposition-formats-1.3.6.jar;C:\Users\mathe\.m2\repository\io\prometheus\prometheus-metrics-exposition-textformats\1.3.6\prometheus-metrics-exposition-textformats-1.3.6.jar;"/>
    <property name="sun.cpu.endian" value="little"/>
    <property name="user.home" value="C:\Users\mathe"/>
    <property name="user.language" value="pt"/>
    <property name="java.specification.vendor" value="Oracle Corporation"/>
    <property name="java.version.date" value="2025-04-15"/>
    <property name="java.home" value="C:\Users\mathe\.jdks\temurin-21.0.7"/>
    <property name="file.separator" value="\"/>
    <property name="basedir" value="C:\dev\micrommerce\auth-service"/>
    <property name="java.vm.compressedOopsMode" value="Zero based"/>
    <property name="line.separator" value="&#10;"/>
    <property name="java.vm.specification.vendor" value="Oracle Corporation"/>
    <property name="java.specification.name" value="Java Platform API Specification"/>
    <property name="FILE_LOG_CHARSET" value="UTF-8"/>
    <property name="java.awt.headless" value="true"/>
    <property name="surefire.real.class.path" value="C:\Users\mathe\AppData\Local\Temp\surefire17812080950934708770\surefirebooter-20250710015400446_3.jar"/>
    <property name="user.script" value=""/>
    <property name="sun.management.compiler" value="HotSpot 64-Bit Tiered Compilers"/>
    <property name="java.runtime.version" value="21.0.7+6-LTS"/>
    <property name="user.name" value="mathe"/>
    <property name="stdout.encoding" value="Cp1252"/>
    <property name="path.separator" value=";"/>
    <property name="os.version" value="10.0"/>
    <property name="java.runtime.name" value="OpenJDK Runtime Environment"/>
    <property name="file.encoding" value="UTF-8"/>
    <property name="java.vm.name" value="OpenJDK 64-Bit Server VM"/>
    <property name="java.vendor.version" value="Temurin-21.0.7+6"/>
    <property name="localRepository" value="C:\Users\mathe\.m2\repository"/>
    <property name="java.vendor.url.bug" value="https://github.com/adoptium/adoptium-support/issues"/>
    <property name="java.io.tmpdir" value="C:\Users\mathe\AppData\Local\Temp\"/>
    <property name="com.zaxxer.hikari.pool_number" value="1"/>
    <property name="java.version" value="21.0.7"/>
    <property name="user.dir" value="C:\dev\micrommerce\auth-service"/>
    <property name="os.arch" value="amd64"/>
    <property name="java.vm.specification.name" value="Java Virtual Machine Specification"/>
    <property name="PID" value="13524"/>
    <property name="sun.os.patch.level" value=""/>
    <property name="CONSOLE_LOG_CHARSET" value="UTF-8"/>
    <property name="native.encoding" value="Cp1252"/>
    <property name="java.library.path" value="C:\Users\mathe\.jdks\temurin-21.0.7\bin;C:\WINDOWS\Sun\Java\bin;C:\WINDOWS\system32;C:\WINDOWS;C:\WINDOWS\system32;C:\WINDOWS;C:\WINDOWS\System32\Wbem;C:\WINDOWS\System32\WindowsPowerShell\v1.0\;C:\WINDOWS\System32\OpenSSH\;C:\ProgramData\chocolatey\bin;C:\Program Files\Git\cmd;C:\ProgramData\chocolatey\lib\maven\apache-maven-3.9.10\bin;C:\Program Files\Docker\Docker\resources\bin;C:\Users\mathe\AppData\Local\Programs\Python\Python311\Scripts\;C:\Users\mathe\AppData\Local\Programs\Python\Python311\;C:\Users\mathe\AppData\Local\Microsoft\WindowsApps;C:\Users\mathe\AppData\Local\Programs\Microsoft VS Code\bin;C:\Users\mathe\AppData\Local\GitHubDesktop\bin;C:\Users\mathe\.jdks\temurin-21.0.7\bin;;."/>
    <property name="java.vm.info" value="mixed mode, sharing"/>
    <property name="stderr.encoding" value="Cp1252"/>
    <property name="java.vendor" value="Eclipse Adoptium"/>
    <property name="java.vm.version" value="21.0.7+6-LTS"/>
    <property name="sun.io.unicode.encoding" value="UnicodeLittle"/>
    <property name="java.class.version" value="65.0"/>
    <property name="LOGGED_APPLICATION_NAME" value="[auth-service] "/>
  </properties>
  <testcase name="testUserCreationAndGetters" classname="com.esw.authservice.model.UserTest" time="0.011"/>
  <testcase name="testValidation_invalidUser_violationsPresent" classname="com.esw.authservice.model.UserTest" time="0.014"/>
  <testcase name="testValidation_validUser_noViolations" classname="com.esw.authservice.model.UserTest" time="0.001"/>
  <testcase name="testEqualsAndHashCode" classname="com.esw.authservice.model.UserTest" time="0.001"/>
</testsuite>